c:\users\ewan1\onedrive\desktop\gameproject2\debug\vc141.pdb
c:\users\ewan1\onedrive\desktop\gameproject2\debug\vc141.idb
c:\users\ewan1\onedrive\desktop\gameproject2\debug\titlescene.obj
c:\users\ewan1\onedrive\desktop\gameproject2\debug\selescene.obj
c:\users\ewan1\onedrive\desktop\gameproject2\debug\bacescene.obj
c:\users\ewan1\onedrive\desktop\gameproject2\debug\mapmng.obj
c:\users\ewan1\onedrive\desktop\gameproject2\debug\keymng.obj
c:\users\ewan1\onedrive\desktop\gameproject2\debug\layer.obj
c:\users\ewan1\onedrive\desktop\gameproject2\debug\imagemng.obj
c:\users\ewan1\onedrive\desktop\gameproject2\debug\buttonmng.obj
c:\users\ewan1\onedrive\desktop\gameproject2\debug\scenemng.obj
c:\users\ewan1\onedrive\desktop\gameproject2\debug\gamescene.obj
c:\users\ewan1\onedrive\desktop\gameproject2\debug\player.obj
c:\users\ewan1\onedrive\desktop\gameproject2\debug\object.obj
c:\users\ewan1\onedrive\desktop\gameproject2\debug\s_dragon.obj
c:\users\ewan1\onedrive\desktop\gameproject2\debug\enemy.obj
c:\users\ewan1\onedrive\desktop\gameproject2\debug\camera.obj
c:\users\ewan1\onedrive\desktop\gameproject2\debug\main.obj
c:\users\ewan1\onedrive\desktop\gameproject2\debug\effekseermng.obj
c:\users\ewan1\onedrive\desktop\gameproject2\debug\addattack.obj
c:\users\ewan1\onedrive\desktop\gameproject2\debug\checkhitattack.obj
c:\users\ewan1\onedrive\desktop\gameproject2\debug\checkhitstage.obj
c:\users\ewan1\onedrive\desktop\gameproject2\debug\gameproject2.exe
c:\users\ewan1\onedrive\desktop\gameproject2\debug\gameproject2.ilk
c:\users\ewan1\onedrive\desktop\gameproject2\debug\gameproject2.pdb
c:\users\ewan1\onedrive\desktop\gameproject2\debug\gameproject2.tlog\cl.command.1.tlog
c:\users\ewan1\onedrive\desktop\gameproject2\debug\gameproject2.tlog\cl.read.1.tlog
c:\users\ewan1\onedrive\desktop\gameproject2\debug\gameproject2.tlog\cl.write.1.tlog
c:\users\ewan1\onedrive\desktop\gameproject2\debug\gameproject2.tlog\link.command.1.tlog
c:\users\ewan1\onedrive\desktop\gameproject2\debug\gameproject2.tlog\link.read.1.tlog
c:\users\ewan1\onedrive\desktop\gameproject2\debug\gameproject2.tlog\link.write.1.tlog
