  CheckHitStage.cpp
c:\users\ewan1\onedrive\desktop\gameproject2\func\checkhitstage.cpp(10): error C2059: 構文エラー: '}'
  EffekseerMng.cpp
c:\program files (x86)\microsoft visual studio\2017\community\vc\tools\msvc\14.16.27023\include\xmemory0(881): error C2664: 'std::tuple<int,int,const std::pair<int &,int &>,std::pair<int,int>,const DIR &>::tuple(std::tuple<int,int,const std::pair<int &,int &>,std::pair<int,int>,const DIR &> &&)': 引数 3 を '_Ty' から 'const std::pair<int &,int &> &' へ変換できません。
          with
          [
              _Ty=std::pair<int,int>
          ]
  c:\program files (x86)\microsoft visual studio\2017\community\vc\tools\msvc\14.16.27023\include\xmemory0(879): note: 理由: '_Ty' から 'const std::pair<int &,int &>' へは変換できません。
          with
          [
              _Ty=std::pair<int,int>
          ]
  c:\program files (x86)\microsoft visual studio\2017\community\vc\tools\msvc\14.16.27023\include\xmemory0(879): note: この変換を実行可能なユーザー定義変換演算子がないか、または演算子を呼び出せません。
  c:\program files (x86)\microsoft visual studio\2017\community\vc\tools\msvc\14.16.27023\include\vector(900): note: コンパイル対象の関数 テンプレート インスタンス化 'void std::_Default_allocator_traits<_Alloc>::construct<_Ty,int&,const int&,std::pair<int,int>,std::pair<int,int>,DIR&>(_Alloc &,_Objty *const ,int &,const int &,std::pair<int,int> &&,std::pair<int,int> &&,DIR &)' のリファレンスを確認してください
          with
          [
              _Alloc=std::allocator<std::tuple<int,int,const std::pair<int &,int &>,std::pair<int,int>,const DIR &>>,
              _Ty=std::tuple<int,int,const std::pair<int &,int &>,std::pair<int,int>,const DIR &>,
              _Objty=std::tuple<int,int,const std::pair<int &,int &>,std::pair<int,int>,const DIR &>
          ]
  c:\program files (x86)\microsoft visual studio\2017\community\vc\tools\msvc\14.16.27023\include\vector(902): note: コンパイル対象の関数 テンプレート インスタンス化 'void std::_Default_allocator_traits<_Alloc>::construct<_Ty,int&,const int&,std::pair<int,int>,std::pair<int,int>,DIR&>(_Alloc &,_Objty *const ,int &,const int &,std::pair<int,int> &&,std::pair<int,int> &&,DIR &)' のリファレンスを確認してください
          with
          [
              _Alloc=std::allocator<std::tuple<int,int,const std::pair<int &,int &>,std::pair<int,int>,const DIR &>>,
              _Ty=std::tuple<int,int,const std::pair<int &,int &>,std::pair<int,int>,const DIR &>,
              _Objty=std::tuple<int,int,const std::pair<int &,int &>,std::pair<int,int>,const DIR &>
          ]
  c:\program files (x86)\microsoft visual studio\2017\community\vc\tools\msvc\14.16.27023\include\vector(916): note: コンパイル対象の関数 テンプレート インスタンス化 'void std::vector<std::tuple<int,int,const std::pair<int &,int &>,std::pair<int,int>,const DIR &>,std::allocator<_Ty>>::_Emplace_back_with_unused_capacity<int&,const int&,std::pair<int,int>,std::pair<int,int>,DIR&>(int &,const int &,std::pair<int,int> &&,std::pair<int,int> &&,DIR &)' のリファレンスを確認してください
          with
          [
              _Ty=std::tuple<int,int,const std::pair<int &,int &>,std::pair<int,int>,const DIR &>
          ]
  c:\users\ewan1\onedrive\desktop\gameproject2\graphic\effekseermng.cpp(24): note: コンパイル対象の関数 テンプレート インスタンス化 'void std::vector<std::tuple<int,int,const std::pair<int &,int &>,std::pair<int,int>,const DIR &>,std::allocator<_Ty>>::emplace_back<int&,const int&,std::pair<int,int>,std::pair<int,int>,DIR&>(int &,const int &,std::pair<int,int> &&,std::pair<int,int> &&,DIR &)' のリファレンスを確認してください
          with
          [
              _Ty=std::tuple<int,int,const std::pair<int &,int &>,std::pair<int,int>,const DIR &>
          ]
  Player.cpp
  コードを生成中...
