  EffekseerMng.cpp
  ImageMng.cpp
C:\Users\satou\Desktop\GamingMAO\Project\Project1\Graphic\ImageMng.cpp(71,29): warning C4244: '=': 'T' から 'int' への変換です。データが失われる可能性があります。
          with
          [
              T=double
          ]
C:\Users\satou\Desktop\GamingMAO\Project\Project1\Graphic\ImageMng.cpp(72,29): warning C4244: '=': 'T' から 'int' への変換です。データが失われる可能性があります。
          with
          [
              T=double
          ]
C:\Users\satou\Desktop\GamingMAO\Project\Project1\Graphic\ImageMng.cpp(132,11): warning C4102: 'defoult': ラベルは 1 度も参照されません。
  ItemTrader.cpp
C:\Users\satou\Desktop\GamingMAO\Project\Project1\Manage\ItemTrader.cpp(16,34): warning C4244: '=': 'T' から 'T' への変換です。データが失われる可能性があります。
          with
          [
              T=double
          ]
          and
          [
              T=int
          ]
C:\Users\satou\Desktop\GamingMAO\Project\Project1\Manage\ItemTrader.cpp(17,34): warning C4244: '=': 'T' から 'T' への変換です。データが失われる可能性があります。
          with
          [
              T=double
          ]
          and
          [
              T=int
          ]
C:\Users\satou\Desktop\GamingMAO\Project\Project1\Manage\ItemTrader.cpp(47,70): warning C4267: '引数': 'size_t' から 'int' に変換しました。データが失われているかもしれません。
C:\Program Files (x86)\Microsoft Visual Studio\2019\Community\VC\Tools\MSVC\14.25.28610\include\utility(151,1): warning C4267: '初期化中': 'size_t' から '_Ty2' に変換しました。データが失われているかもしれません。
          with
          [
              _Ty2=int
          ]
C:\Program Files (x86)\Microsoft Visual Studio\2019\Community\VC\Tools\MSVC\14.25.28610\include\xmemory(670): message : コンパイル対象の関数 テンプレート インスタンス化 'std::pair<std::shared_ptr<Item>,int>::pair<std::shared_ptr<Item>&,_Ty,0>(_Other1,_Other2 &&) noexcept' のリファレンスを確認してください
          with
          [
              _Ty=unsigned __int64,
              _Other1=std::shared_ptr<Item> &,
              _Other2=unsigned __int64
          ]
C:\Program Files (x86)\Microsoft Visual Studio\2019\Community\VC\Tools\MSVC\14.25.28610\include\xmemory(671): message : コンパイル対象の関数 テンプレート インスタンス化 'std::pair<std::shared_ptr<Item>,int>::pair<std::shared_ptr<Item>&,_Ty,0>(_Other1,_Other2 &&) noexcept' のリファレンスを確認してください
          with
          [
              _Ty=unsigned __int64,
              _Other1=std::shared_ptr<Item> &,
              _Other2=unsigned __int64
          ]
C:\Program Files (x86)\Microsoft Visual Studio\2019\Community\VC\Tools\MSVC\14.25.28610\include\vector(682): message : コンパイル対象の関数 テンプレート インスタンス化 'void std::_Default_allocator_traits<_Alloc>::construct<_Ty,std::shared_ptr<Item>&,unsigned __int64>(_Alloc &,_Objty *const ,std::shared_ptr<Item> &,unsigned __int64 &&)' のリファレンスを確認してください
          with
          [
              _Alloc=std::allocator<std::pair<std::shared_ptr<Item>,int>>,
              _Ty=std::pair<std::shared_ptr<Item>,int>,
              _Objty=std::pair<std::shared_ptr<Item>,int>
          ]
C:\Program Files (x86)\Microsoft Visual Studio\2019\Community\VC\Tools\MSVC\14.25.28610\include\vector(687): message : コンパイル対象の関数 テンプレート インスタンス化 'void std::_Default_allocator_traits<_Alloc>::construct<_Ty,std::shared_ptr<Item>&,unsigned __int64>(_Alloc &,_Objty *const ,std::shared_ptr<Item> &,unsigned __int64 &&)' のリファレンスを確認してください
          with
          [
              _Alloc=std::allocator<std::pair<std::shared_ptr<Item>,int>>,
              _Ty=std::pair<std::shared_ptr<Item>,int>,
              _Objty=std::pair<std::shared_ptr<Item>,int>
          ]
C:\Program Files (x86)\Microsoft Visual Studio\2019\Community\VC\Tools\MSVC\14.25.28610\include\vector(700): message : コンパイル対象の関数 テンプレート インスタンス化 'void std::vector<std::pair<std::shared_ptr<Item>,int>,std::allocator<std::pair<std::shared_ptr<Item>,int>>>::_Emplace_back_with_unused_capacity<std::shared_ptr<Item>&,_Ty>(std::shared_ptr<Item> &,_Ty &&)' のリファレンスを確認してください
          with
          [
              _Ty=unsigned __int64
          ]
C:\Users\satou\Desktop\GamingMAO\Project\Project1\Manage\ItemTrader.cpp(59): message : コンパイル対象の関数 テンプレート インスタンス化 'void std::vector<std::pair<std::shared_ptr<Item>,int>,std::allocator<std::pair<std::shared_ptr<Item>,int>>>::emplace_back<std::shared_ptr<Item>&,unsigned __int64>(std::shared_ptr<Item> &,unsigned __int64 &&)' のリファレンスを確認してください
  MapMng.cpp
C:\Users\satou\Desktop\GamingMAO\Project\Project1\Manage\MapMng.cpp(159,37): warning C4244: '=': 'T' から 'int' への変換です。データが失われる可能性があります。
          with
          [
              T=double
          ]
  Menu.cpp
C:\Program Files (x86)\Microsoft Visual Studio\2019\Community\VC\Tools\MSVC\14.25.28610\include\tuple(163,47): warning C4244: '初期化中': '_Ty' から '_Ty' への変換です。データが失われる可能性があります。
          with
          [
              _Ty=double
          ]
          and
          [
              _Ty=int
          ]
C:\Program Files (x86)\Microsoft Visual Studio\2019\Community\VC\Tools\MSVC\14.25.28610\include\tuple(234): message : コンパイル対象の関数 テンプレート インスタンス化 'std::_Tuple_val<_This>::_Tuple_val<_Ty>(_Other &&)' のリファレンスを確認してください
          with
          [
              _This=int,
              _Ty=double,
              _Other=double
          ]
C:\Program Files (x86)\Microsoft Visual Studio\2019\Community\VC\Tools\MSVC\14.25.28610\include\tuple(234): message : コンパイル対象の関数 テンプレート インスタンス化 'std::_Tuple_val<_This>::_Tuple_val<_Ty>(_Other &&)' のリファレンスを確認してください
          with
          [
              _This=int,
              _Ty=double,
              _Other=double
          ]
C:\Program Files (x86)\Microsoft Visual Studio\2019\Community\VC\Tools\MSVC\14.25.28610\include\tuple(234): message : コンパイル対象の関数 テンプレート インスタンス化 'std::tuple<int,int,double,LAYER,int>::tuple<std::_Exact_args_t,_Ty,T&,_Ty,LAYER,int,0>(_Tag,_This2 &&,T &,_Ty &&,LAYER &&,int &&)' のリファレンスを確認してください
          with
          [
              _Ty=double,
              T=double,
              _Tag=std::_Exact_args_t,
              _This2=double
          ]
C:\Program Files (x86)\Microsoft Visual Studio\2019\Community\VC\Tools\MSVC\14.25.28610\include\tuple(234): message : コンパイル対象の関数 テンプレート インスタンス化 'std::tuple<int,int,double,LAYER,int>::tuple<std::_Exact_args_t,_Ty,T&,_Ty,LAYER,int,0>(_Tag,_This2 &&,T &,_Ty &&,LAYER &&,int &&)' のリファレンスを確認してください
          with
          [
              _Ty=double,
              T=double,
              _Tag=std::_Exact_args_t,
              _This2=double
          ]
C:\Program Files (x86)\Microsoft Visual Studio\2019\Community\VC\Tools\MSVC\14.25.28610\include\tuple(315): message : コンパイル対象の関数 テンプレート インスタンス化 'std::tuple<int,int,int,double,LAYER,int>::tuple<std::_Exact_args_t,_Ty&,double,T&,double,LAYER,_Ty,0>(_Tag,_This2,double &&,T &,double &&,LAYER &&,_Ty &&)' のリファレンスを確認してください
          with
          [
              _Ty=int,
              T=double,
              _Tag=std::_Exact_args_t,
              _This2=int &
          ]
C:\Program Files (x86)\Microsoft Visual Studio\2019\Community\VC\Tools\MSVC\14.25.28610\include\tuple(315): message : コンパイル対象の関数 テンプレート インスタンス化 'std::tuple<int,int,int,double,LAYER,int>::tuple<std::_Exact_args_t,_Ty&,double,T&,double,LAYER,_Ty,0>(_Tag,_This2,double &&,T &,double &&,LAYER &&,_Ty &&)' のリファレンスを確認してください
          with
          [
              _Ty=int,
              T=double,
              _Tag=std::_Exact_args_t,
              _This2=int &
          ]
C:\Users\satou\Desktop\GamingMAO\Project\Project1\Manage\Menu.cpp(193): message : コンパイル対象の関数 テンプレート インスタンス化 'std::tuple<int,int,int,double,LAYER,int>::tuple<_Ty&,T,T&,double,LAYER,int,0>(_This2,T &&,T &,double &&,LAYER &&,int &&) noexcept' のリファレンスを確認してください
          with
          [
              _Ty=int,
              T=double,
              _This2=int &
          ]
C:\Users\satou\Desktop\GamingMAO\Project\Project1\Manage\Menu.cpp(193): message : コンパイル対象の関数 テンプレート インスタンス化 'std::tuple<int,int,int,double,LAYER,int>::tuple<_Ty&,T,T&,double,LAYER,int,0>(_This2,T &&,T &,double &&,LAYER &&,int &&) noexcept' のリファレンスを確認してください
          with
          [
              _Ty=int,
              T=double,
              _This2=int &
          ]
C:\Program Files (x86)\Microsoft Visual Studio\2019\Community\VC\Tools\MSVC\14.25.28610\include\tuple(163,47): warning C4244: '初期化中': 'T' から '_Ty' への変換です。データが失われる可能性があります。
          with
          [
              T=double
          ]
          and
          [
              _Ty=int
          ]
C:\Program Files (x86)\Microsoft Visual Studio\2019\Community\VC\Tools\MSVC\14.25.28610\include\tuple(234): message : コンパイル対象の関数 テンプレート インスタンス化 'std::_Tuple_val<_This>::_Tuple_val<T&>(_Other)' のリファレンスを確認してください
          with
          [
              _This=int,
              T=double,
              _Other=double &
          ]
C:\Program Files (x86)\Microsoft Visual Studio\2019\Community\VC\Tools\MSVC\14.25.28610\include\tuple(234): message : コンパイル対象の関数 テンプレート インスタンス化 'std::_Tuple_val<_This>::_Tuple_val<T&>(_Other)' のリファレンスを確認してください
          with
          [
              _This=int,
              T=double,
              _Other=double &
          ]
C:\Program Files (x86)\Microsoft Visual Studio\2019\Community\VC\Tools\MSVC\14.25.28610\include\tuple(234): message : コンパイル対象の関数 テンプレート インスタンス化 'std::tuple<int,double,LAYER,int>::tuple<std::_Exact_args_t,T&,_Ty,LAYER,int,0>(_Tag,_This2,_Ty &&,LAYER &&,int &&)' のリファレンスを確認してください
          with
          [
              T=double,
              _Ty=double,
              _Tag=std::_Exact_args_t,
              _This2=double &
          ]
C:\Program Files (x86)\Microsoft Visual Studio\2019\Community\VC\Tools\MSVC\14.25.28610\include\tuple(234): message : コンパイル対象の関数 テンプレート インスタンス化 'std::tuple<int,double,LAYER,int>::tuple<std::_Exact_args_t,T&,_Ty,LAYER,int,0>(_Tag,_This2,_Ty &&,LAYER &&,int &&)' のリファレンスを確認してください
          with
          [
              T=double,
              _Ty=double,
              _Tag=std::_Exact_args_t,
              _This2=double &
          ]
  Enemy.cpp
  s_dragon.cpp
  Item.cpp
  Object.cpp
  Player.cpp
  camera.cpp
  GameScene.cpp
  SceneMng.cpp
  TitleScene.cpp
  CheckHitAttack.cpp
  CheckHitStage.cpp
  main.cpp
  コードを生成中...
C:\Users\satou\Desktop\GamingMAO\Project\Project1\Object\Enemy\Enemy.cpp(83): warning C4715: 'Enemy::Move': 値を返さないコントロール パスがあります。
  Project1.vcxproj -> C:\Users\satou\Desktop\GamingMAO\Project\x64\Debug\Project1.exe
